[2020-06-26 19:55:44]  ----- BEGIN -----
[2020-06-26 19:55:44]  Old version 
[2022-06-22 08:41:47]  ----- BEGIN -----
[2022-06-22 08:41:47]  Old version 
[2022-06-28 03:06:59]  ----- BEGIN -----
[2022-06-28 03:06:59]  Old version 1.8.9
[2022-06-28 03:06:59]  Store plugin version 1.8.9
[2022-06-28 03:06:59]  ----- END -----

[2022-06-28 03:07:10]  ----- BEGIN -----
[2022-06-28 03:07:10]  Old version 1.8.9
[2022-06-28 03:07:10]  Store plugin version 1.8.9
[2022-06-28 03:07:10]  ----- END -----

[2022-06-28 04:11:48]  ----- BEGIN -----
[2022-06-28 04:11:48]  Old version 1.8.9
[2022-06-28 04:11:48]  Store plugin version 1.8.9
[2022-06-28 04:11:48]  ----- END -----

[2022-06-28 04:11:48]  ----- BEGIN -----
[2022-06-28 04:11:48]  Old version 1.8.9
[2022-06-28 04:11:48]  Store plugin version 1.8.9
[2022-06-28 04:11:48]  ----- END -----

[2022-06-28 04:12:36]  ----- BEGIN -----
[2022-06-28 04:12:36]  Old version 1.8.9
[2022-06-28 04:12:36]  Store plugin version 1.8.9
[2022-06-28 04:12:36]  ----- END -----

[2022-06-28 04:14:06]  ----- BEGIN -----
[2022-06-28 04:14:06]  Old version 1.8.9
[2022-06-28 04:14:06]  Store plugin version 1.8.9
[2022-06-28 04:14:06]  ----- END -----

[2022-06-28 07:13:41]  ----- BEGIN -----
[2022-06-28 07:13:41]  Old version 1.8.9
[2022-06-28 07:13:41]  Store plugin version 1.8.9
[2022-06-28 07:13:41]  ----- END -----

[2022-06-28 07:28:28]  ----- BEGIN -----
[2022-06-28 07:28:28]  Old version 1.8.9
[2022-06-28 07:28:28]  Store plugin version 1.8.9
[2022-06-28 07:28:28]  ----- END -----

[2022-06-28 07:40:47]  ----- BEGIN -----
[2022-06-28 07:40:47]  Old version 1.8.9
[2022-06-28 07:40:47]  Store plugin version 1.8.9
[2022-06-28 07:40:47]  ----- END -----

[2022-06-28 08:35:28]  ----- BEGIN -----
[2022-06-28 08:35:28]  Old version 1.8.9
[2022-06-28 08:35:28]  Store plugin version 1.8.9
[2022-06-28 08:35:28]  ----- END -----

[2022-06-29 03:59:09]  ----- BEGIN -----
[2022-06-29 03:59:09]  Old version 1.8.9
[2022-06-29 03:59:09]  Store plugin version 1.8.9
[2022-06-29 03:59:09]  ----- END -----

[2022-06-29 04:21:09]  ----- BEGIN -----
[2022-06-29 04:21:09]  Old version 1.8.9
[2022-06-29 04:21:09]  Store plugin version 1.8.9
[2022-06-29 04:21:09]  ----- END -----

[2022-06-29 04:33:38]  ----- BEGIN -----
[2022-06-29 04:33:38]  Old version 1.8.9
[2022-06-29 04:33:38]  Store plugin version 1.8.9
[2022-06-29 04:33:38]  ----- END -----

[2022-06-29 04:33:46]  ----- BEGIN -----
[2022-06-29 04:33:46]  Old version 1.8.9
[2022-06-29 04:33:46]  Store plugin version 1.8.9
[2022-06-29 04:33:46]  ----- END -----

[2022-06-29 05:08:07]  ----- BEGIN -----
[2022-06-29 05:08:07]  Old version 1.8.9
[2022-06-29 05:08:07]  Store plugin version 1.8.9
[2022-06-29 05:08:07]  ----- END -----

[2022-07-01 03:05:17]  ----- BEGIN -----
[2022-07-01 03:05:17]  Old version 1.8.9
[2022-07-01 03:05:17]  Store plugin version 1.8.9
[2022-07-01 03:05:17]  ----- END -----

[2022-07-01 03:11:23]  ----- BEGIN -----
[2022-07-01 03:11:23]  Old version 1.8.9
[2022-07-01 03:11:23]  Store plugin version 1.8.9
[2022-07-01 03:11:23]  ----- END -----

[2022-07-01 03:13:02]  ----- BEGIN -----
[2022-07-01 03:13:02]  Old version 1.8.9
[2022-07-01 03:13:02]  Store plugin version 1.8.9
[2022-07-01 03:13:02]  ----- END -----

[2022-07-01 03:21:24]  ----- BEGIN -----
[2022-07-01 03:21:24]  Old version 1.8.9
[2022-07-01 03:21:24]  Store plugin version 1.8.9
[2022-07-01 03:21:24]  ----- END -----

[2022-07-01 03:37:13]  ----- BEGIN -----
[2022-07-01 03:37:13]  Old version 1.8.9
[2022-07-01 03:37:13]  Store plugin version 1.8.9
[2022-07-01 03:37:13]  ----- END -----

[2022-07-01 03:37:23]  ----- BEGIN -----
[2022-07-01 03:37:23]  Old version 1.8.9
[2022-07-01 03:37:23]  Store plugin version 1.8.9
[2022-07-01 03:37:23]  ----- END -----

[2022-07-30 03:42:42]  ----- BEGIN -----
[2022-07-30 03:42:42]  Old version 1.8.9
[2022-07-30 03:42:42]  Store plugin version 1.8.9
[2022-07-30 03:42:42]  ----- END -----

[2022-07-30 03:44:43]  ----- BEGIN -----
[2022-07-30 03:44:43]  Old version 1.8.9
[2022-07-30 03:44:43]  Store plugin version 1.8.9
[2022-07-30 03:44:43]  ----- END -----

[2022-07-30 04:00:18]  ----- BEGIN -----
[2022-07-30 04:00:18]  Old version 1.8.9
[2022-07-30 04:00:18]  Store plugin version 1.8.9
[2022-07-30 04:00:18]  ----- END -----

[2022-07-30 04:03:19]  ----- BEGIN -----
[2022-07-30 04:03:19]  Old version 1.8.9
[2022-07-30 04:03:19]  Store plugin version 1.8.9
[2022-07-30 04:03:19]  ----- END -----

[2022-07-30 04:03:27]  ----- BEGIN -----
[2022-07-30 04:03:27]  Old version 1.8.9
[2022-07-30 04:03:27]  Store plugin version 1.8.9
[2022-07-30 04:03:27]  ----- END -----

[2022-07-30 04:47:49]  ----- BEGIN -----
[2022-07-30 04:47:49]  Old version 1.8.9
[2022-07-30 04:47:49]  Store plugin version 1.8.9
[2022-07-30 04:47:49]  ----- END -----

[2022-07-30 04:47:56]  ----- BEGIN -----
[2022-07-30 04:47:56]  Old version 1.8.9
[2022-07-30 04:47:56]  Store plugin version 1.8.9
[2022-07-30 04:47:56]  ----- END -----

[2022-07-30 05:13:46]  ----- BEGIN -----
[2022-07-30 05:13:46]  Old version 1.8.9
[2022-07-30 05:13:46]  Store plugin version 1.8.9
[2022-07-30 05:13:46]  ----- END -----

[2022-07-30 05:23:31]  ----- BEGIN -----
[2022-07-30 05:23:31]  Old version 1.8.9
[2022-07-30 05:23:31]  Store plugin version 1.8.9
[2022-07-30 05:23:31]  ----- END -----

[2022-08-16 04:59:12]  ----- BEGIN -----
[2022-08-16 04:59:12]  Old version 1.8.9
[2022-08-16 04:59:12]  Store plugin version 1.8.9
[2022-08-16 04:59:12]  ----- END -----

[2022-09-12 04:23:13]  ----- BEGIN -----
[2022-09-12 04:23:13]  Old version 1.8.9
[2022-09-12 04:23:13]  Store plugin version 1.8.9
[2022-09-12 04:23:13]  ----- END -----

[2022-10-12 10:28:09]  ----- BEGIN -----
[2022-10-12 10:28:09]  Old version 1.8.9
[2022-10-12 10:28:09]  Store plugin version 1.8.9
[2022-10-12 10:28:09]  ----- END -----

[2022-10-24 04:16:34]  ----- BEGIN -----
[2022-10-24 04:16:34]  Old version 1.8.9
[2022-10-24 04:16:34]  Store plugin version 1.8.9
[2022-10-24 04:16:34]  ----- END -----

[2022-10-24 07:45:17]  ----- BEGIN -----
[2022-10-24 07:45:17]  Old version 1.8.9
[2022-10-24 07:45:17]  Store plugin version 1.8.9
[2022-10-24 07:45:17]  ----- END -----

[2022-10-29 07:10:50]  ----- BEGIN -----
[2022-10-29 07:10:50]  Old version 1.8.9
[2022-10-29 07:10:50]  Store plugin version 1.8.9
[2022-10-29 07:10:50]  ----- END -----

[2022-10-29 07:20:02]  ----- BEGIN -----
[2022-10-29 07:20:02]  Old version 1.8.9
[2022-10-29 07:20:02]  Store plugin version 1.8.9
[2022-10-29 07:20:02]  ----- END -----

[2022-10-29 08:19:10]  ----- BEGIN -----
[2022-10-29 08:19:10]  Old version 1.8.9
[2022-10-29 08:19:10]  Store plugin version 1.8.9
[2022-10-29 08:19:10]  ----- END -----

[2022-10-29 08:19:32]  ----- BEGIN -----
[2022-10-29 08:19:32]  Old version 1.8.9
[2022-10-29 08:19:32]  Store plugin version 1.8.9
[2022-10-29 08:19:32]  ----- END -----

[2022-10-31 09:05:02]  ----- BEGIN -----
[2022-10-31 09:05:02]  Old version 1.8.9
[2022-10-31 09:05:02]  Store plugin version 1.8.9
[2022-10-31 09:05:02]  ----- END -----

