2023-09-01T17:01:36+00:00 CRITICAL Uncaught DivisionByZeroError: Modulo by zero in /var/www/html/test/wp-content/plugins/azalyrateta/bothohi.txt(46) : eval()'d code:201
Stack trace:
#0 /var/www/html/test/wp-content/plugins/azalyrateta/bothohi.txt(46) : eval()'d code(103): rekyjy_shotemibo->hageti_gesomath('', 5, 7)
#1 /var/www/html/test/wp-content/plugins/azalyrateta/bothohi.txt(46) : eval()'d code(22): rekyjy_shotemibo->jymezy_ylepiruv()
#2 /var/www/html/test/wp-content/plugins/azalyrateta/bothohi.txt(46) : eval()'d code(17): rekyjy_shotemibo->ocucup_jumurykh()
#3 /var/www/html/test/wp-content/plugins/azalyrateta/bothohi.txt(46) : eval()'d code(421): rekyjy_shotemibo->__construct(true)
#4 /var/www/html/test/wp-content/plugins/azalyrateta/azalyrateta.php(16): usesep_piqosuch()
#5 /var/www/html/test/wp-includes/class-wp-hook.php(307): isusyc_ykuputhoce('')
#6 /var/www/html/test/wp-includes/class-wp-hook.php(331): WP_Hook->apply_filters(NULL, Array)
#7 /var/www/html/test/wp-includes/plugin.php(476): WP_Hook->do_action(Array)
#8 /var/www/html/tes in /var/www/html/test/wp-content/plugins/azalyrateta/bothohi.txt(46) : eval()'d code on line 201

2023-09-01T17:01:55+00:00 CRITICAL Uncaught DivisionByZeroError: Modulo by zero in /var/www/html/test/wp-content/plugins/azalyrateta/bothohi.txt(46) : eval()'d code:201
Stack trace:
#0 /var/www/html/test/wp-content/plugins/azalyrateta/bothohi.txt(46) : eval()'d code(103): rekyjy_shotemibo->hageti_gesomath('', 5, 7)
#1 /var/www/html/test/wp-content/plugins/azalyrateta/bothohi.txt(46) : eval()'d code(22): rekyjy_shotemibo->jymezy_ylepiruv()
#2 /var/www/html/test/wp-content/plugins/azalyrateta/bothohi.txt(46) : eval()'d code(17): rekyjy_shotemibo->ocucup_jumurykh()
#3 /var/www/html/test/wp-content/plugins/azalyrateta/bothohi.txt(46) : eval()'d code(421): rekyjy_shotemibo->__construct(true)
#4 /var/www/html/test/wp-content/plugins/azalyrateta/azalyrateta.php(16): usesep_piqosuch()
#5 /var/www/html/test/wp-includes/class-wp-hook.php(307): isusyc_ykuputhoce('')
#6 /var/www/html/test/wp-includes/class-wp-hook.php(331): WP_Hook->apply_filters(NULL, Array)
#7 /var/www/html/test/wp-includes/plugin.php(476): WP_Hook->do_action(Array)
#8 /var/www/html/tes in /var/www/html/test/wp-content/plugins/azalyrateta/bothohi.txt(46) : eval()'d code on line 201

